<?xml version="1.0" encoding="UTF-8" ?>
<testsuite errors="0" skipped="0" tests="3" time="11.578" failures="1" name="org.apache.maven.continuum.notification.mail.MailContinuumNotifierTest">
  <properties>
[...]
</properties>
  <testcase time="6.485" name="testSuccessfulBuild">
    <failure type="junit.framework.ComparisonFailure" message="expected:&amp;lt;...s&amp;gt; but was:&amp;lt;...&amp;gt;">junit.framework.ComparisonFailure: expected:&amp;...s&amp; but was:&amp;...&amp;
	at junit.framework.Assert.assertEquals(Assert.java:81)
	at junit.framework.Assert.assertEquals(Assert.java:87)
	at org.apache.maven.continuum.notification.mail.MailContinuumNotifierTest.testSuccessfulBuild(MailContinuumNotifierTest.java:56)
	at org.apache.maven.continuum.notification.mail.MailContinuumNotifierTest.testSuccessfulBuild(MailContinuumNotifierTest.java:56)
	at sun.reflect.NativeMethodAccessorImpl.invoke0(Native Method)
	at sun.reflect.NativeMethodAccessorImpl.invoke(NativeMethodAccessorImpl.java:39)
	at sun.reflect.DelegatingMethodAccessorImpl.invoke(DelegatingMethodAccessorImpl.java:25)
	at java.lang.reflect.Method.invoke(Method.java:585)
	at junit.framework.TestCase.runTest(TestCase.java:154)
	at junit.framework.TestCase.runBare(TestCase.java:127)
	at junit.framework.TestResult$1.protect(TestResult.java:106)
	at junit.framework.TestResult.runProtected(TestResult.java:124)
	at junit.framework.TestResult.run(TestResult.java:109)
	at junit.framework.TestCase.run(TestCase.java:118)
	at junit.framework.TestSuite.runTest(TestSuite.java:208)
	at junit.framework.TestSuite.run(TestSuite.java:203)
	at sun.reflect.NativeMethodAccessorImpl.invoke0(Native Method)
	at sun.reflect.NativeMethodAccessorImpl.invoke(NativeMethodAccessorImpl.java:39)
	at sun.reflect.DelegatingMethodAccessorImpl.invoke(DelegatingMethodAccessorImpl.java:25)
	at java.lang.reflect.Method.invoke(Method.java:585)
	at org.apache.maven.surefire.junit.JUnitTestSet.execute(JUnitTestSet.java:213)
	at org.apache.maven.surefire.suite.AbstractDirectoryTestSuite.executeTestSet(AbstractDirectoryTestSuite.java:138)
	at org.apache.maven.surefire.suite.AbstractDirectoryTestSuite.execute(AbstractDirectoryTestSuite.java:125)
	at org.apache.maven.surefire.Surefire.run(Surefire.java:132)
	at sun.reflect.NativeMethodAccessorImpl.invoke0(Native Method)
	at sun.reflect.NativeMethodAccessorImpl.invoke(NativeMethodAccessorImpl.java:39)
	at sun.reflect.DelegatingMethodAccessorImpl.invoke(DelegatingMethodAccessorImpl.java:25)
	at java.lang.reflect.Method.invoke(Method.java:585)
	at org.apache.maven.surefire.booter.SurefireBooter.runSuitesInProcess(SurefireBooter.java:290)
	at org.apache.maven.surefire.booter.SurefireBooter.main(SurefireBooter.java:818)
</failure>
    <system-out>[INFO] create default AntBuildDefinitionTemplate
[INFO] create Default Schedule
[INFO] create default MavenOneBuildDefinitionTemplate
[INFO] create default MavenTwoBuildDefinitionTemplate
[INFO] create default ShellBuildDefinitionTemplate
[WARNING] Could not find the executable &apos;maven&apos; in the path &apos;[]&apos;.
[WARNING] Could not find the executable &apos;ant&apos; in the path &apos;[]&apos;.
[WARNING] Could not find the executable &apos;mvn&apos; in the path &apos;[]&apos;.
[INFO] Build executors:
[INFO]   ant
[INFO]   maven-1
[INFO]   maven2
[INFO]   shell
[INFO] Initializing Continuum.
[INFO] Showing all projects: 
[INFO] Starting Continuum.
[INFO] 
[INFO] 
[INFO] &amp; Continuum unknown started! &amp;
[INFO] ------------------------------
[INFO]        \   ^__^
[INFO]         \  (oo)\_______
[INFO]            (__)\       )\/\
[INFO]                ||----w |
[INFO]                ||     ||
[INFO] 
[INFO] 
[INFO] Continuum initializer running ...
[INFO] Default Project Group exists
[INFO] Continuum initializer end running ...
[INFO] Activating schedules ...
[INFO] DEFAULT_SCHEDULE: next fire time -&amp;Tue Nov 13 00:00:00 CET 2007
[INFO] Using &apos;continuum@localhost&apos; as the from mailbox for all emails.
[INFO] From name: Continuum
[INFO] Build host name: W-OLAMY
[INFO] Message Subject: &apos;[continuum] BUILD SUCCESSFUL: foo.bar Test Project&apos;.
[INFO] Sending message: From &apos;&quot;Continuum&quot; &amp;continuum@localhost&amp;&apos;.
[INFO] Recipient: To &apos;&amp;foo@bar&amp;&apos;.
[INFO] Stopping Continuum.
[INFO] Continuum stopped.
</system-out>
  </testcase>
  <testcase time="2.468" name="testFailedBuild"/>
  <testcase time="2.625" name="testErrorenousBuild"/>
</testsuite>