<?xml version="1.0" encoding="UTF-8" ?>
<testsuite errors="0" skipped="0" tests="10" time="23.781" failures="0" name="org.apache.maven.continuum.DefaultContinuumTest">
  <properties>
[...]
</properties>
  <testcase time="1.891" name="testContinuumConfiguration"/>
  <testcase time="2.015" name="testLookups"/>
  <testcase time="3.735" name="testAddMavenTwoProjectSet"/>
  <testcase time="2.468" name="testUpdateMavenTwoProject"/>
  <testcase time="2.391" name="testBuildDefinitions"/>
  <testcase time="2.234" name="testProjectGroups"/>
  <testcase time="2.141" name="testProjectAndGroupNotifiers"/>
  <testcase time="1.953" name="testExecuteAction"/>
  <testcase time="2.11" name="testRemoveProjectFromCheckoutQueue"/>
  <testcase time="2.843" name="testAddAntProjectWithdefaultBuildDef"/>
</testsuite>